########### array before sorts ###########
0	25.000000	63.000000	25.170371	64.294095	n
1	25.170371	64.294095	25.669873	65.500000	n
2	25.669873	65.500000	26.464466	66.535534	n
3	26.464466	66.535534	27.500000	67.330127	n
4	27.500000	67.330127	28.705905	67.829629	n
5	28.705905	67.829629	30.000000	68.000000	n
6	30.000000	68.000000	113.000000	68.000000	n
7	113.000000	68.000000	114.552914	67.795555	n
8	114.552914	67.795555	116.000000	67.196152	n
9	116.000000	67.196152	117.242641	66.242641	n
10	117.242641	66.242641	118.196152	65.000000	n
11	118.196152	65.000000	118.795555	63.552914	n
12	118.795555	63.552914	119.000000	62.000000	n
13	119.000000	62.000000	119.000000	20.000000	n
14	119.000000	20.000000	118.829629	18.705905	n
15	118.829629	18.705905	118.330127	17.500000	n
16	118.330127	17.500000	117.535534	16.464466	n
17	117.535534	16.464466	116.500000	15.669873	n
18	116.500000	15.669873	115.294095	15.170371	n
19	115.294095	15.170371	114.000000	15.000000	n
20	114.000000	15.000000	29.000000	15.000000	n
21	29.000000	15.000000	27.964724	15.136297	n
22	27.964724	15.136297	27.000000	15.535898	n
23	27.000000	15.535898	26.171573	16.171573	n
24	26.171573	16.171573	25.535898	17.000000	n
25	25.535898	17.000000	25.136297	17.964724	n
26	25.136297	17.964724	25.000000	19.000000	n
27	25.000000	19.000000	25.000000	63.000000	n
Tolerance=0.050000.
*Exact match for i=0 and j=1.
*i point 25.000000	63.000000	25.170371	64.294095	y
*Exact match for i=1 and j=2.
*i point 25.170371	64.294095	25.669873	65.500000	y
*Exact match for i=2 and j=3.
*i point 25.669873	65.500000	26.464466	66.535534	y
*Exact match for i=3 and j=4.
*i point 26.464466	66.535534	27.500000	67.330127	y
*Exact match for i=4 and j=5.
*i point 27.500000	67.330127	28.705905	67.829629	y
*Exact match for i=5 and j=6.
*i point 28.705905	67.829629	30.000000	68.000000	y
*Exact match for i=6 and j=7.
*i point 30.000000	68.000000	113.000000	68.000000	y
*Exact match for i=7 and j=8.
*i point 113.000000	68.000000	114.552914	67.795555	y
*Exact match for i=8 and j=9.
*i point 114.552914	67.795555	116.000000	67.196152	y
*Exact match for i=9 and j=10.
*i point 116.000000	67.196152	117.242641	66.242641	y
*Exact match for i=10 and j=11.
*i point 117.242641	66.242641	118.196152	65.000000	y
*Exact match for i=11 and j=12.
*i point 118.196152	65.000000	118.795555	63.552914	y
*Exact match for i=12 and j=13.
*i point 118.795555	63.552914	119.000000	62.000000	y
*Exact match for i=13 and j=14.
*i point 119.000000	62.000000	119.000000	20.000000	y
*Exact match for i=14 and j=15.
*i point 119.000000	20.000000	118.829629	18.705905	y
*Exact match for i=15 and j=16.
*i point 118.829629	18.705905	118.330127	17.500000	y
*Exact match for i=16 and j=17.
*i point 118.330127	17.500000	117.535534	16.464466	y
*Exact match for i=17 and j=18.
*i point 117.535534	16.464466	116.500000	15.669873	y
*Exact match for i=18 and j=19.
*i point 116.500000	15.669873	115.294095	15.170371	y
*Exact match for i=19 and j=20.
*i point 115.294095	15.170371	114.000000	15.000000	y
*Exact match for i=20 and j=21.
*i point 114.000000	15.000000	29.000000	15.000000	y
*Exact match for i=21 and j=22.
*i point 29.000000	15.000000	27.964724	15.136297	y
*Exact match for i=22 and j=23.
*i point 27.964724	15.136297	27.000000	15.535898	y
*Exact match for i=23 and j=24.
*i point 27.000000	15.535898	26.171573	16.171573	y
*Exact match for i=24 and j=25.
*i point 26.171573	16.171573	25.535898	17.000000	y
*Exact match for i=25 and j=26.
*i point 25.535898	17.000000	25.136297	17.964724	y
*Exact match for i=26 and j=27.
*i point 25.136297	17.964724	25.000000	19.000000	y
########### array after sorts ###########
0	25.000000	63.000000	25.170371	64.294095	y
1	25.170371	64.294095	25.669873	65.500000	y
2	25.669873	65.500000	26.464466	66.535534	y
3	26.464466	66.535534	27.500000	67.330127	y
4	27.500000	67.330127	28.705905	67.829629	y
5	28.705905	67.829629	30.000000	68.000000	y
6	30.000000	68.000000	113.000000	68.000000	y
7	113.000000	68.000000	114.552914	67.795555	y
8	114.552914	67.795555	116.000000	67.196152	y
9	116.000000	67.196152	117.242641	66.242641	y
10	117.242641	66.242641	118.196152	65.000000	y
11	118.196152	65.000000	118.795555	63.552914	y
12	118.795555	63.552914	119.000000	62.000000	y
13	119.000000	62.000000	119.000000	20.000000	y
14	119.000000	20.000000	118.829629	18.705905	y
15	118.829629	18.705905	118.330127	17.500000	y
16	118.330127	17.500000	117.535534	16.464466	y
17	117.535534	16.464466	116.500000	15.669873	y
18	116.500000	15.669873	115.294095	15.170371	y
19	115.294095	15.170371	114.000000	15.000000	y
20	114.000000	15.000000	29.000000	15.000000	y
21	29.000000	15.000000	27.964724	15.136297	y
22	27.964724	15.136297	27.000000	15.535898	y
23	27.000000	15.535898	26.171573	16.171573	y
24	26.171573	16.171573	25.535898	17.000000	y
25	25.535898	17.000000	25.136297	17.964724	y
26	25.136297	17.964724	25.000000	19.000000	y
27	25.000000	19.000000	25.000000	63.000000	y
***************
.BOARD_OUTLINE UNOWNED
1.6
0     25.000000     63.000000     0
0     25.170371     64.294095     0
0     25.669873     65.500000     0
0     26.464466     66.535534     0
0     27.500000     67.330127     0
0     28.705905     67.829629     0
0     30.000000     68.000000     0
0     113.000000     68.000000     0
0     114.552914     67.795555     0
0     116.000000     67.196152     0
0     117.242641     66.242641     0
0     118.196152     65.000000     0
0     118.795555     63.552914     0
0     119.000000     62.000000     0
0     119.000000     20.000000     0
0     118.829629     18.705905     0
0     118.330127     17.500000     0
0     117.535534     16.464466     0
0     116.500000     15.669873     0
0     115.294095     15.170371     0
0     114.000000     15.000000     0
0     29.000000     15.000000     0
0     27.964724     15.136297     0
0     27.000000     15.535898     0
0     26.171573     16.171573     0
0     25.535898     17.000000     0
0     25.136297     17.964724     0
0     25.000000     19.000000     0
0     25.000000     63.000000     0
